E:\COURSES\565_GPU_PROGRAMMING\PROJECT2-STREAMCOMPACTION\PROJ2_RY\DEBUG\PROJ2_RY.EXE
E:\COURSES\565_GPU_PROGRAMMING\PROJECT2-STREAMCOMPACTION\PROJ2_RY\DEBUG\PROJ2_RY.ILK
E:\COURSES\565_GPU_PROGRAMMING\PROJECT2-STREAMCOMPACTION\PROJ2_RY\DEBUG\PROJ2_RY.PDB
E:\Courses\565_GPU_Programming\Project2-StreamCompaction\proj2_ry\proj2_ry\Debug\cl.command.1.tlog
E:\Courses\565_GPU_Programming\Project2-StreamCompaction\proj2_ry\proj2_ry\Debug\CL.read.1.tlog
E:\Courses\565_GPU_Programming\Project2-StreamCompaction\proj2_ry\proj2_ry\Debug\CL.write.1.tlog
E:\Courses\565_GPU_Programming\Project2-StreamCompaction\proj2_ry\proj2_ry\Debug\link.command.1.tlog
E:\Courses\565_GPU_Programming\Project2-StreamCompaction\proj2_ry\proj2_ry\Debug\link.read.1.tlog
E:\Courses\565_GPU_Programming\Project2-StreamCompaction\proj2_ry\proj2_ry\Debug\link.write.1.tlog
E:\Courses\565_GPU_Programming\Project2-StreamCompaction\proj2_ry\proj2_ry\Debug\mt.command.1.tlog
E:\Courses\565_GPU_Programming\Project2-StreamCompaction\proj2_ry\proj2_ry\Debug\mt.read.1.tlog
E:\Courses\565_GPU_Programming\Project2-StreamCompaction\proj2_ry\proj2_ry\Debug\mt.write.1.tlog
E:\Courses\565_GPU_Programming\Project2-StreamCompaction\proj2_ry\proj2_ry\Debug\naive_prefix_sum.cu.cache
E:\Courses\565_GPU_Programming\Project2-StreamCompaction\proj2_ry\proj2_ry\Debug\naive_prefix_sum.cu.obj
E:\COURSES\565_GPU_PROGRAMMING\PROJECT2-STREAMCOMPACTION\PROJ2_RY\PROJ2_RY\DEBUG\PREFIX_SUM.OBJ
E:\COURSES\565_GPU_PROGRAMMING\PROJECT2-STREAMCOMPACTION\PROJ2_RY\PROJ2_RY\DEBUG\PROJ2_RY.EXE.INTERMEDIATE.MANIFEST
E:\Courses\565_GPU_Programming\Project2-StreamCompaction\proj2_ry\proj2_ry\Debug\proj2_ry.vcxprojResolveAssemblyReference.cache
E:\Courses\565_GPU_Programming\Project2-StreamCompaction\proj2_ry\proj2_ry\Debug\proj2_ry.write.1.tlog
E:\Courses\565_GPU_Programming\Project2-StreamCompaction\proj2_ry\proj2_ry\Debug\vc100.idb
E:\COURSES\565_GPU_PROGRAMMING\PROJECT2-STREAMCOMPACTION\PROJ2_RY\PROJ2_RY\DEBUG\VC100.PDB
